Live reload server started on port: 35729
Press CTRL+C to quit ...

[0;36minfo:[0m 24 plugins are installed 
[0;36minfo:[0m 21 explicitly listed 
[0;36minfo:[0m loading plugin "back-to-top-button"... [0;32mOK[0m 
[0;36minfo:[0m loading plugin "expandable-chapters"... [0;32mOK[0m 
[0;36minfo:[0m loading plugin "splitter"... [0;32mOK[0m 
[0;36minfo:[0m loading plugin "alerts"... [0;32mOK[0m 
[0;36minfo:[0m loading plugin "chapter-fold"... [0;32mOK[0m 
[0;36minfo:[0m loading plugin "code"... [0;32mOK[0m 
[0;36minfo:[0m loading plugin "github"... [0;32mOK[0m 
[0;36minfo:[0m loading plugin "favicon"... [0;32mOK[0m 
[0;36minfo:[0m loading plugin "accordion"... [0;32mOK[0m 
[0;36minfo:[0m loading plugin "search-pro"... [0;32mOK[0m 
[0;36minfo:[0m loading plugin "emphasize"... [0;32mOK[0m 
[0;36minfo:[0m loading plugin "sharing-plus"... [0;32mOK[0m 
[0;36minfo:[0m loading plugin "tbfed-pagefooter"... [0;32mOK[0m 
[0;36minfo:[0m loading plugin "lightbox"... [0;32mOK[0m 
[0;36minfo:[0m loading plugin "flexible-alerts"... [0;32mOK[0m 
[0;36minfo:[0m loading plugin "pageview-count"... [0;32mOK[0m 
[0;36minfo:[0m loading plugin "livereload"... [0;32mOK[0m 
[0;36minfo:[0m loading plugin "highlight"... [0;32mOK[0m 
[0;36minfo:[0m loading plugin "fontsettings"... [0;32mOK[0m 
[0;36minfo:[0m loading plugin "theme-comscore"... [0;32mOK[0m 
[0;36minfo:[0m loading plugin "theme-default"... [0;32mOK[0m 
[0;36minfo:[0m found 18 pages 
[0;36minfo:[0m found 5 asset files 
init!
[0;33mwarn:[0m "options" property is deprecated, use config.get(key) instead 
finish!
[0;36minfo:[0m [0;32m>> [0mgeneration finished with success in 4.1s ! 

Starting server ...
Serving book on http://localhost:81
Live reload server started on port: 35729
Press CTRL+C to quit ...

[0;36minfo:[0m 24 plugins are installed 
[0;36minfo:[0m 21 explicitly listed 
[0;36minfo:[0m loading plugin "back-to-top-button"... [0;32mOK[0m 
[0;36minfo:[0m loading plugin "expandable-chapters"... [0;32mOK[0m 
[0;36minfo:[0m loading plugin "splitter"... [0;32mOK[0m 
[0;36minfo:[0m loading plugin "alerts"... [0;32mOK[0m 
[0;36minfo:[0m loading plugin "chapter-fold"... [0;32mOK[0m 
[0;36minfo:[0m loading plugin "code"... [0;32mOK[0m 
[0;36minfo:[0m loading plugin "github"... [0;32mOK[0m 
[0;36minfo:[0m loading plugin "favicon"... [0;32mOK[0m 
[0;36minfo:[0m loading plugin "accordion"... [0;32mOK[0m 
[0;36minfo:[0m loading plugin "search-pro"... [0;32mOK[0m 
[0;36minfo:[0m loading plugin "emphasize"... [0;32mOK[0m 
[0;36minfo:[0m loading plugin "sharing-plus"... [0;32mOK[0m 
[0;36minfo:[0m loading plugin "tbfed-pagefooter"... [0;32mOK[0m 
[0;36minfo:[0m loading plugin "lightbox"... [0;32mOK[0m 
[0;36minfo:[0m loading plugin "flexible-alerts"... [0;32mOK[0m 
[0;36minfo:[0m loading plugin "pageview-count"... [0;32mOK[0m 
[0;36minfo:[0m loading plugin "livereload"... [0;32mOK[0m 
[0;36minfo:[0m loading plugin "highlight"... [0;32mOK[0m 
[0;36minfo:[0m loading plugin "fontsettings"... [0;32mOK[0m 
[0;36minfo:[0m loading plugin "theme-comscore"... [0;32mOK[0m 
[0;36minfo:[0m loading plugin "theme-default"... [0;32mOK[0m 
[0;36minfo:[0m found 18 pages 
[0;36minfo:[0m found 5 asset files 
init!
[0;33mwarn:[0m "options" property is deprecated, use config.get(key) instead 
finish!
[0;36minfo:[0m [0;32m>> [0mgeneration finished with success in 3.8s ! 

Starting server ...
Serving book on http://localhost:81
